(0000) 3000  0011000000000000 (  11)                 .ORIG x3000
(3000) E029  1110000000101001 (  14)                 LEA   R0 PRMPT1
(3001) F022  1111000000100010 (  15)                 TRAP  x22
(3002) E469  1110010001101001 (  17)                 LEA   R2 NUM
(3003) 5260  0101001001100000 (  19)                 AND   R1 R1 #0
(3004) 5020  0101000000100000 (  20)                 AND   R0 R0 #0
(3005) 2270  0010001001110000 (  21)                 LD    R1 REPS
(3006) F020  1111000000100000 (  23) AGAIN           TRAP  x20
(3007) F021  1111000000100001 (  24)                 TRAP  x21
(3008) 306E  0011000001101110 (  25)                 ST    R0 CHAR
(3009) 7080  0111000010000000 (  26)                 STR   R0 R2 #0
(300A) 14A1  0001010010100001 (  27)                 ADD   R2 R2 #1
(300B) 206B  0010000001101011 (  28)                 LD    R0 CHAR
(300C) 1035  0001000000110101 (  29)                 ADD   R0 R0 #-11
(300D) 0802  0000100000000010 (  30)                 BRN   LOOP2
(300E) 127F  0001001001111111 (  31)                 ADD   R1 R1 #-1
(300F) 03F6  0000001111110110 (  32)                 BRP   AGAIN
(3010) 14A0  0001010010100000 (  34) LOOP2           ADD   R2 R2 #0
(3011) 080A  0000100000001010 (  35)                 BRN   DONE2
(3012) 6600  0110011000000000 (  36)                 LDR   R3 R0 #0
(3013) 6840  0110100001000000 (  37)                 LDR   R4 R1 #0
(3014) 7800  0111100000000000 (  38)                 STR   R4 R0 #0
(3015) 7640  0111011001000000 (  39)                 STR   R3 R1 #0
(3016) 1021  0001000000100001 (  40)                 ADD   R0 R0 #1
(3017) 127F  0001001001111111 (  41)                 ADD   R1 R1 #-1
(3018) 14BE  0001010010111110 (  42)                 ADD   R2 R2 #-2
(3019) 0FF6  0000111111110110 (  43)                 BRNZP LOOP2
(301A) 2050  0010000001010000 (  45)                 LD    R0 CLRF
(301B) F022  1111000000100010 (  46)                 TRAP  x22
(301C) 16E0  0001011011100000 (  48) DONE2           ADD   R3 R3 #0
(301D) 0807  0000100000000111 (  49)                 BRN   DONE
(301E) 304D  0011000001001101 (  51) GET             ST    R0 NUM
(301F) F020  1111000000100000 (  52)                 TRAP  x20
(3020) 304B  0011000001001011 (  53)                 ST    R0 NUM
(3021) 204A  0010000001001010 (  54)                 LD    R0 NUM
(3022) 4855  0100100001010101 (  55)                 JSR   STRLAR
(3023) 3046  0011000001000110 (  56)                 ST    R0 LRG
(3024) 1261  0001001001100001 (  57)                 ADD   R1 R1 #1
(3025) E02C  1110000000101100 (  60) DONE            LEA   R0 PRMPT2
(3026) F022  1111000000100010 (  61)                 TRAP  x22
(3027) 2042  0010000001000010 (  63)                 LD    R0 LRG
(3028) F021  1111000000100001 (  64)                 TRAP  x21
(3029) F025  1111000000100101 (  66)                 TRAP  x25
(302A) 0050  0000000001010000 (  69) PRMPT1          .FILL x0050
(302B) 006C  0000000001101100 (  69)                 .FILL x006C
(302C) 0065  0000000001100101 (  69)                 .FILL x0065
(302D) 0061  0000000001100001 (  69)                 .FILL x0061
(302E) 0073  0000000001110011 (  69)                 .FILL x0073
(302F) 0065  0000000001100101 (  69)                 .FILL x0065
(3030) 0020  0000000000100000 (  69)                 .FILL x0020
(3031) 0065  0000000001100101 (  69)                 .FILL x0065
(3032) 006E  0000000001101110 (  69)                 .FILL x006E
(3033) 0074  0000000001110100 (  69)                 .FILL x0074
(3034) 0065  0000000001100101 (  69)                 .FILL x0065
(3035) 0072  0000000001110010 (  69)                 .FILL x0072
(3036) 0020  0000000000100000 (  69)                 .FILL x0020
(3037) 0074  0000000001110100 (  69)                 .FILL x0074
(3038) 0077  0000000001110111 (  69)                 .FILL x0077
(3039) 006F  0000000001101111 (  69)                 .FILL x006F
(303A) 0020  0000000000100000 (  69)                 .FILL x0020
(303B) 0073  0000000001110011 (  69)                 .FILL x0073
(303C) 0069  0000000001101001 (  69)                 .FILL x0069
(303D) 006E  0000000001101110 (  69)                 .FILL x006E
(303E) 0067  0000000001100111 (  69)                 .FILL x0067
(303F) 006C  0000000001101100 (  69)                 .FILL x006C
(3040) 0065  0000000001100101 (  69)                 .FILL x0065
(3041) 0020  0000000000100000 (  69)                 .FILL x0020
(3042) 0064  0000000001100100 (  69)                 .FILL x0064
(3043) 0069  0000000001101001 (  69)                 .FILL x0069
(3044) 0067  0000000001100111 (  69)                 .FILL x0067
(3045) 0069  0000000001101001 (  69)                 .FILL x0069
(3046) 0074  0000000001110100 (  69)                 .FILL x0074
(3047) 0020  0000000000100000 (  69)                 .FILL x0020
(3048) 006E  0000000001101110 (  69)                 .FILL x006E
(3049) 0075  0000000001110101 (  69)                 .FILL x0075
(304A) 006D  0000000001101101 (  69)                 .FILL x006D
(304B) 0062  0000000001100010 (  69)                 .FILL x0062
(304C) 0065  0000000001100101 (  69)                 .FILL x0065
(304D) 0072  0000000001110010 (  69)                 .FILL x0072
(304E) 0073  0000000001110011 (  69)                 .FILL x0073
(304F) 003E  0000000000111110 (  69)                 .FILL x003E
(3050) 0020  0000000000100000 (  69)                 .FILL x0020
(3051) 0000  0000000000000000 (  69)                 .FILL x0000
(3052) 0054  0000000001010100 (  70) PRMPT2          .FILL x0054
(3053) 0068  0000000001101000 (  70)                 .FILL x0068
(3054) 0065  0000000001100101 (  70)                 .FILL x0065
(3055) 0020  0000000000100000 (  70)                 .FILL x0020
(3056) 006C  0000000001101100 (  70)                 .FILL x006C
(3057) 0061  0000000001100001 (  70)                 .FILL x0061
(3058) 0072  0000000001110010 (  70)                 .FILL x0072
(3059) 0067  0000000001100111 (  70)                 .FILL x0067
(305A) 0065  0000000001100101 (  70)                 .FILL x0065
(305B) 0073  0000000001110011 (  70)                 .FILL x0073
(305C) 0074  0000000001110100 (  70)                 .FILL x0074
(305D) 0020  0000000000100000 (  70)                 .FILL x0020
(305E) 006E  0000000001101110 (  70)                 .FILL x006E
(305F) 0075  0000000001110101 (  70)                 .FILL x0075
(3060) 006D  0000000001101101 (  70)                 .FILL x006D
(3061) 0062  0000000001100010 (  70)                 .FILL x0062
(3062) 0065  0000000001100101 (  70)                 .FILL x0065
(3063) 0072  0000000001110010 (  70)                 .FILL x0072
(3064) 0020  0000000000100000 (  70)                 .FILL x0020
(3065) 0069  0000000001101001 (  70)                 .FILL x0069
(3066) 0073  0000000001110011 (  70)                 .FILL x0073
(3067) 003E  0000000000111110 (  70)                 .FILL x003E
(3068) 0020  0000000000100000 (  70)                 .FILL x0020
(3069) 0000  0000000000000000 (  70)                 .FILL x0000
(306A) 0000  0000000000000000 (  72) LRG             .FILL x0000
(306B) 000A  0000000000001010 (  72) CLRF            .FILL x000A
(306C) 0000  0000000000000000 (  74) NUM             .FILL x0000
(306D) 0000  0000000000000000 (  74)                 .FILL x0000
(306E) 0000  0000000000000000 (  74)                 .FILL x0000
(306F) 0000  0000000000000000 (  74)                 .FILL x0000
(3070) 0000  0000000000000000 (  74)                 .FILL x0000
(3071) 0000  0000000000000000 (  74)                 .FILL x0000
(3072) 0000  0000000000000000 (  74)                 .FILL x0000
(3073) 0000  0000000000000000 (  74)                 .FILL x0000
(3074) 0000  0000000000000000 (  74)                 .FILL x0000
(3075) 0000  0000000000000000 (  74)                 .FILL x0000
(3076) 0003  0000000000000011 (  74) REPS            .FILL x0003
(3077) 0000  0000000000000000 (  85) CHAR            .FILL x0000
(3078) 2417  0010010000010111 (  85) STRLAR          LD    R2 SaveR2
(3079) 2215  0010001000010101 (  86)                 LD    R1 SaveR1
(307A) 23F1  0010001111110001 (  87)                 LD    R1 NUM
(307B) F020  1111000000100000 (  88)                 TRAP  x20
(307C) 3215  0011001000010101 (  89)                 ST    R1 NUMB1
(307D) F020  1111000000100000 (  90)                 TRAP  x20
(307E) 3414  0011010000010100 (  91)                 ST    R2 NUMB2
(307F) 5020  0101000000100000 (  93)                 AND   R0 R0 #0
(3080) 56E0  0101011011100000 (  94)                 AND   R3 R3 #0
(3081) 927F  1001001001111111 (  95)                 NOT   R1 R1
(3082) 96FF  1001011011111111 (  96)                 NOT   R3 R3
(3083) 16E1  0001011011100001 (  97)                 ADD   R3 R3 #1
(3084) 1CC5  0001110011000101 (  98)                 ADD   R6 R3 R5
(3085) 0801  0000100000000001 (  99)                 BRN   MAX
(3086) 0604  0000011000000100 ( 100)                 BRZP  MIN
(3087) 220A  0010001000001010 ( 102) MAX             LD    R1 NUMB1
(3088) 2407  0010010000000111 ( 103)                 LD    R2 SaveR2
(3089) 2205  0010001000000101 ( 104)                 LD    R1 SaveR1
(308A) C1C0  1100000111000000 ( 105)                 RET   
(308B) 2207  0010001000000111 ( 107) MIN             LD    R1 NUMB2
(308C) 2403  0010010000000011 ( 108)                 LD    R2 SaveR2
(308D) 2201  0010001000000001 ( 109)                 LD    R1 SaveR1
(308E) C1C0  1100000111000000 ( 110)                 RET   
(308F) 0000  0000000000000000 ( 116) SaveR1          .FILL x0000
(3090) 0000  0000000000000000 ( 117) SaveR2          .FILL x0000
(3091) FFFF  1111111111111111 ( 117) COUNT           .FILL xFFFF
(3092) 0000  0000000000000000 ( 119) NUMB1           .FILL x0000
(3093) 0000  0000000000000000 ( 122) NUMB2           .FILL x0000
