(0000) 3000  0011000000000000 (  10)                 .ORIG x3000
(3000) E023  1110000000100011 (  14)                 LEA   R0 PRMPT1
(3001) F022  1111000000100010 (  15)                 TRAP  x22
(3002) F020  1111000000100000 (  17)                 TRAP  x20
(3003) F021  1111000000100001 (  18)                 TRAP  x21
(3004) 304A  0011000001001010 (  19)                 ST    R0 CHAR
(3005) F020  1111000000100000 (  24)                 TRAP  x20
(3006) F021  1111000000100001 (  25)                 TRAP  x21
(3007) 3048  0011000001001000 (  26)                 ST    R0 CHAR1
(3008) F020  1111000000100000 (  31)                 TRAP  x20
(3009) F021  1111000000100001 (  32)                 TRAP  x21
(300A) 3046  0011000001000110 (  33)                 ST    R0 CHAR2
(300B) 2047  0010000001000111 (  35)                 LD    R0 CLRF
(300C) F021  1111000000100001 (  36)                 TRAP  x21
(300D) E029  1110000000101001 (  38)                 LEA   R0 PRMPT2
(300E) F022  1111000000100010 (  39)                 TRAP  x22
(300F) 2043  0010000001000011 (  41)                 LD    R0 CLRF
(3010) F021  1111000000100001 (  42)                 TRAP  x21
(3011) 203D  0010000000111101 (  44)                 LD    R0 CHAR
(3012) 223F  0010001000111111 (  45)                 LD    R1 NEG32
(3013) 1001  0001000000000001 (  46)                 ADD   R0 R0 R1
(3014) F021  1111000000100001 (  47)                 TRAP  x21
(3015) 203D  0010000000111101 (  49)                 LD    R0 CLRF
(3016) F021  1111000000100001 (  50)                 TRAP  x21
(3017) 2038  0010000000111000 (  52)                 LD    R0 CHAR1
(3018) 2239  0010001000111001 (  53)                 LD    R1 NEG32
(3019) 1001  0001000000000001 (  54)                 ADD   R0 R0 R1
(301A) F021  1111000000100001 (  55)                 TRAP  x21
(301B) 2037  0010000000110111 (  57)                 LD    R0 CLRF
(301C) F021  1111000000100001 (  58)                 TRAP  x21
(301D) 2033  0010000000110011 (  60)                 LD    R0 CHAR2
(301E) 2233  0010001000110011 (  61)                 LD    R1 NEG32
(301F) 1001  0001000000000001 (  62)                 ADD   R0 R0 R1
(3020) F021  1111000000100001 (  63)                 TRAP  x21
(3021) 2031  0010000000110001 (  65)                 LD    R0 CLRF
(3022) F021  1111000000100001 (  66)                 TRAP  x21
(3023) F025  1111000000100101 (  68)                 TRAP  x25
(3024) 0045  0000000001000101 (  70) PRMPT1          .FILL x0045
(3025) 006E  0000000001101110 (  70)                 .FILL x006E
(3026) 0074  0000000001110100 (  70)                 .FILL x0074
(3027) 0065  0000000001100101 (  70)                 .FILL x0065
(3028) 0072  0000000001110010 (  70)                 .FILL x0072
(3029) 0020  0000000000100000 (  70)                 .FILL x0020
(302A) 0033  0000000000110011 (  70)                 .FILL x0033
(302B) 0020  0000000000100000 (  70)                 .FILL x0020
(302C) 0069  0000000001101001 (  70)                 .FILL x0069
(302D) 006E  0000000001101110 (  70)                 .FILL x006E
(302E) 0069  0000000001101001 (  70)                 .FILL x0069
(302F) 0074  0000000001110100 (  70)                 .FILL x0074
(3030) 0069  0000000001101001 (  70)                 .FILL x0069
(3031) 0061  0000000001100001 (  70)                 .FILL x0061
(3032) 006C  0000000001101100 (  70)                 .FILL x006C
(3033) 0073  0000000001110011 (  70)                 .FILL x0073
(3034) 003E  0000000000111110 (  70)                 .FILL x003E
(3035) 0020  0000000000100000 (  70)                 .FILL x0020
(3036) 0000  0000000000000000 (  70)                 .FILL x0000
(3037) 0049  0000000001001001 (  71) PRMPT2          .FILL x0049
(3038) 006E  0000000001101110 (  71)                 .FILL x006E
(3039) 0069  0000000001101001 (  71)                 .FILL x0069
(303A) 0074  0000000001110100 (  71)                 .FILL x0074
(303B) 0069  0000000001101001 (  71)                 .FILL x0069
(303C) 0061  0000000001100001 (  71)                 .FILL x0061
(303D) 006C  0000000001101100 (  71)                 .FILL x006C
(303E) 0073  0000000001110011 (  71)                 .FILL x0073
(303F) 0020  0000000000100000 (  71)                 .FILL x0020
(3040) 0069  0000000001101001 (  71)                 .FILL x0069
(3041) 006E  0000000001101110 (  71)                 .FILL x006E
(3042) 0020  0000000000100000 (  71)                 .FILL x0020
(3043) 0075  0000000001110101 (  71)                 .FILL x0075
(3044) 0070  0000000001110000 (  71)                 .FILL x0070
(3045) 0070  0000000001110000 (  71)                 .FILL x0070
(3046) 0065  0000000001100101 (  71)                 .FILL x0065
(3047) 0072  0000000001110010 (  71)                 .FILL x0072
(3048) 0063  0000000001100011 (  71)                 .FILL x0063
(3049) 0061  0000000001100001 (  71)                 .FILL x0061
(304A) 0073  0000000001110011 (  71)                 .FILL x0073
(304B) 0065  0000000001100101 (  71)                 .FILL x0065
(304C) 003E  0000000000111110 (  71)                 .FILL x003E
(304D) 0020  0000000000100000 (  71)                 .FILL x0020
(304E) 0000  0000000000000000 (  71)                 .FILL x0000
(304F) 0000  0000000000000000 (  73) CHAR            .FILL x0000
(3050) 0000  0000000000000000 (  74) CHAR1           .FILL x0000
(3051) 0000  0000000000000000 (  75) CHAR2           .FILL x0000
(3052) FFE0  1111111111100000 (  75) NEG32           .FILL xFFE0
(3053) 000A  0000000000001010 (  76) CLRF            .FILL x000A
