(0000) 3000  0011000000000000 (  11)                 .ORIG x3000
(3000) E014  1110000000010100 (  13)                 LEA   R0 PRMPT1
(3001) F022  1111000000100010 (  14)                 TRAP  x22
(3002) F020  1111000000100000 (  16)                 TRAP  x20
(3003) F021  1111000000100001 (  17)                 TRAP  x21
(3004) 3053  0011000001010011 (  18)                 ST    R0 CHAR
(3005) F020  1111000000100000 (  20)                 TRAP  x20
(3006) F021  1111000000100001 (  21)                 TRAP  x21
(3007) 3051  0011000001010001 (  22)                 ST    R0 CHAR1
(3008) 2053  0010000001010011 (  24)                 LD    R0 CLRF
(3009) F021  1111000000100001 (  25)                 TRAP  x21
(300A) E034  1110000000110100 (  27)                 LEA   R0 PRMPT2
(300B) F022  1111000000100010 (  28)                 TRAP  x22
(300C) 204B  0010000001001011 (  30)                 LD    R0 CHAR
(300D) 5260  0101001001100000 (  31)                 AND   R1 R1 #0
(300E) 1240  0001001001000000 (  32)                 ADD   R1 R1 R0
(300F) 2049  0010000001001001 (  33)                 LD    R0 CHAR1
(3010) 1040  0001000001000000 (  34)                 ADD   R0 R1 R0
(3011) 2248  0010001001001000 (  35)                 LD    R1 NEG48
(3012) 1001  0001000000000001 (  36)                 ADD   R0 R0 R1
(3013) F021  1111000000100001 (  37)                 TRAP  x21
(3014) F025  1111000000100101 (  42)                 TRAP  x25
(3015) 0050  0000000001010000 (  45) PRMPT1          .FILL x0050
(3016) 006C  0000000001101100 (  45)                 .FILL x006C
(3017) 0065  0000000001100101 (  45)                 .FILL x0065
(3018) 0061  0000000001100001 (  45)                 .FILL x0061
(3019) 0073  0000000001110011 (  45)                 .FILL x0073
(301A) 0065  0000000001100101 (  45)                 .FILL x0065
(301B) 0020  0000000000100000 (  45)                 .FILL x0020
(301C) 0065  0000000001100101 (  45)                 .FILL x0065
(301D) 006E  0000000001101110 (  45)                 .FILL x006E
(301E) 0074  0000000001110100 (  45)                 .FILL x0074
(301F) 0065  0000000001100101 (  45)                 .FILL x0065
(3020) 0072  0000000001110010 (  45)                 .FILL x0072
(3021) 0020  0000000000100000 (  45)                 .FILL x0020
(3022) 0061  0000000001100001 (  45)                 .FILL x0061
(3023) 0020  0000000000100000 (  45)                 .FILL x0020
(3024) 0074  0000000001110100 (  45)                 .FILL x0074
(3025) 0077  0000000001110111 (  45)                 .FILL x0077
(3026) 006F  0000000001101111 (  45)                 .FILL x006F
(3027) 002D  0000000000101101 (  45)                 .FILL x002D
(3028) 0064  0000000001100100 (  45)                 .FILL x0064
(3029) 0069  0000000001101001 (  45)                 .FILL x0069
(302A) 0067  0000000001100111 (  45)                 .FILL x0067
(302B) 0069  0000000001101001 (  45)                 .FILL x0069
(302C) 0074  0000000001110100 (  45)                 .FILL x0074
(302D) 0020  0000000000100000 (  45)                 .FILL x0020
(302E) 0064  0000000001100100 (  45)                 .FILL x0064
(302F) 0065  0000000001100101 (  45)                 .FILL x0065
(3030) 0063  0000000001100011 (  45)                 .FILL x0063
(3031) 0069  0000000001101001 (  45)                 .FILL x0069
(3032) 006D  0000000001101101 (  45)                 .FILL x006D
(3033) 0061  0000000001100001 (  45)                 .FILL x0061
(3034) 006C  0000000001101100 (  45)                 .FILL x006C
(3035) 0020  0000000000100000 (  45)                 .FILL x0020
(3036) 006E  0000000001101110 (  45)                 .FILL x006E
(3037) 0075  0000000001110101 (  45)                 .FILL x0075
(3038) 006D  0000000001101101 (  45)                 .FILL x006D
(3039) 0062  0000000001100010 (  45)                 .FILL x0062
(303A) 0065  0000000001100101 (  45)                 .FILL x0065
(303B) 0072  0000000001110010 (  45)                 .FILL x0072
(303C) 003E  0000000000111110 (  45)                 .FILL x003E
(303D) 0020  0000000000100000 (  45)                 .FILL x0020
(303E) 0000  0000000000000000 (  45)                 .FILL x0000
(303F) 0054  0000000001010100 (  46) PRMPT2          .FILL x0054
(3040) 0068  0000000001101000 (  46)                 .FILL x0068
(3041) 0065  0000000001100101 (  46)                 .FILL x0065
(3042) 0020  0000000000100000 (  46)                 .FILL x0020
(3043) 0073  0000000001110011 (  46)                 .FILL x0073
(3044) 0075  0000000001110101 (  46)                 .FILL x0075
(3045) 006D  0000000001101101 (  46)                 .FILL x006D
(3046) 0020  0000000000100000 (  46)                 .FILL x0020
(3047) 006F  0000000001101111 (  46)                 .FILL x006F
(3048) 0066  0000000001100110 (  46)                 .FILL x0066
(3049) 0020  0000000000100000 (  46)                 .FILL x0020
(304A) 0074  0000000001110100 (  46)                 .FILL x0074
(304B) 0068  0000000001101000 (  46)                 .FILL x0068
(304C) 0065  0000000001100101 (  46)                 .FILL x0065
(304D) 0020  0000000000100000 (  46)                 .FILL x0020
(304E) 0064  0000000001100100 (  46)                 .FILL x0064
(304F) 0069  0000000001101001 (  46)                 .FILL x0069
(3050) 0067  0000000001100111 (  46)                 .FILL x0067
(3051) 0069  0000000001101001 (  46)                 .FILL x0069
(3052) 0074  0000000001110100 (  46)                 .FILL x0074
(3053) 0073  0000000001110011 (  46)                 .FILL x0073
(3054) 0020  0000000000100000 (  46)                 .FILL x0020
(3055) 003D  0000000000111101 (  46)                 .FILL x003D
(3056) 0020  0000000000100000 (  46)                 .FILL x0020
(3057) 0000  0000000000000000 (  46)                 .FILL x0000
(3058) 0000  0000000000000000 (  48) CHAR            .FILL x0000
(3059) 0000  0000000000000000 (  49) CHAR1           .FILL x0000
(305A) FFD0  1111111111010000 (  49) NEG48           .FILL xFFD0
(305B) FFF6  1111111111110110 (  50) NEG10           .FILL xFFF6
(305C) 000A  0000000000001010 (  51) CLRF            .FILL x000A
