(0000) 3000  0011000000000000 (  11)                 .ORIG x3000
(3000) E023  1110000000100011 (  13)                 LEA   R0 PRMPT1
(3001) F022  1111000000100010 (  14)                 TRAP  x22
(3002) F020  1111000000100000 (  16)                 TRAP  x20
(3003) F021  1111000000100001 (  17)                 TRAP  x21
(3004) 3062  0011000001100010 (  18)                 ST    R0 CHAR
(3005) F020  1111000000100000 (  20)                 TRAP  x20
(3006) F021  1111000000100001 (  21)                 TRAP  x21
(3007) 3060  0011000001100000 (  22)                 ST    R0 CHAR1
(3008) 2062  0010000001100010 (  24)                 LD    R0 CLRF
(3009) F021  1111000000100001 (  25)                 TRAP  x21
(300A) E043  1110000001000011 (  27)                 LEA   R0 PRMPT2
(300B) F022  1111000000100010 (  28)                 TRAP  x22
(300C) 205A  0010000001011010 (  30)                 LD    R0 CHAR
(300D) 5260  0101001001100000 (  31)                 AND   R1 R1 #0
(300E) 1240  0001001001000000 (  32)                 ADD   R1 R1 R0
(300F) 2058  0010000001011000 (  33)                 LD    R0 CHAR1
(3010) 1040  0001000001000000 (  34)                 ADD   R0 R1 R0
(3011) 2257  0010001001010111 (  35)                 LD    R1 NEG48
(3012) 1001  0001000000000001 (  36)                 ADD   R0 R0 R1
(3013) 54AA  0101010010101010 (  38)                 AND   R2 R2 #10
(3014) 2455  0010010001010101 (  39)                 LD    R2 NEG10
(3015) 1202  0001001000000010 (  40)                 ADD   R1 R0 R2
(3016) 0804  0000100000000100 (  41)                 BRN   ELSE
(3017) 2601  0010011000000001 (  42)                 LD    R3 x3019
(3018) F021  1111000000100001 (  43)                 TRAP  x21
(3019) 10A0  0001000010100000 (  44)                 ADD   R0 R2 #0
(301A) F021  1111000000100001 (  45)                 TRAP  x21
(301B) 204B  0010000001001011 (  48) ELSE            LD    R0 CHAR
(301C) 5260  0101001001100000 (  49)                 AND   R1 R1 #0
(301D) 1240  0001001001000000 (  50)                 ADD   R1 R1 R0
(301E) 2049  0010000001001001 (  51)                 LD    R0 CHAR1
(301F) 1040  0001000001000000 (  52)                 ADD   R0 R1 R0
(3020) 2248  0010001001001000 (  53)                 LD    R1 NEG48
(3021) 1001  0001000000000001 (  54)                 ADD   R0 R0 R1
(3022) F021  1111000000100001 (  55)                 TRAP  x21
(3023) F025  1111000000100101 (  57)                 TRAP  x25
(3024) 0050  0000000001010000 (  60) PRMPT1          .FILL x0050
(3025) 006C  0000000001101100 (  60)                 .FILL x006C
(3026) 0065  0000000001100101 (  60)                 .FILL x0065
(3027) 0061  0000000001100001 (  60)                 .FILL x0061
(3028) 0073  0000000001110011 (  60)                 .FILL x0073
(3029) 0065  0000000001100101 (  60)                 .FILL x0065
(302A) 0020  0000000000100000 (  60)                 .FILL x0020
(302B) 0065  0000000001100101 (  60)                 .FILL x0065
(302C) 006E  0000000001101110 (  60)                 .FILL x006E
(302D) 0074  0000000001110100 (  60)                 .FILL x0074
(302E) 0065  0000000001100101 (  60)                 .FILL x0065
(302F) 0072  0000000001110010 (  60)                 .FILL x0072
(3030) 0020  0000000000100000 (  60)                 .FILL x0020
(3031) 0061  0000000001100001 (  60)                 .FILL x0061
(3032) 0020  0000000000100000 (  60)                 .FILL x0020
(3033) 0074  0000000001110100 (  60)                 .FILL x0074
(3034) 0077  0000000001110111 (  60)                 .FILL x0077
(3035) 006F  0000000001101111 (  60)                 .FILL x006F
(3036) 002D  0000000000101101 (  60)                 .FILL x002D
(3037) 0064  0000000001100100 (  60)                 .FILL x0064
(3038) 0069  0000000001101001 (  60)                 .FILL x0069
(3039) 0067  0000000001100111 (  60)                 .FILL x0067
(303A) 0069  0000000001101001 (  60)                 .FILL x0069
(303B) 0074  0000000001110100 (  60)                 .FILL x0074
(303C) 0020  0000000000100000 (  60)                 .FILL x0020
(303D) 0064  0000000001100100 (  60)                 .FILL x0064
(303E) 0065  0000000001100101 (  60)                 .FILL x0065
(303F) 0063  0000000001100011 (  60)                 .FILL x0063
(3040) 0069  0000000001101001 (  60)                 .FILL x0069
(3041) 006D  0000000001101101 (  60)                 .FILL x006D
(3042) 0061  0000000001100001 (  60)                 .FILL x0061
(3043) 006C  0000000001101100 (  60)                 .FILL x006C
(3044) 0020  0000000000100000 (  60)                 .FILL x0020
(3045) 006E  0000000001101110 (  60)                 .FILL x006E
(3046) 0075  0000000001110101 (  60)                 .FILL x0075
(3047) 006D  0000000001101101 (  60)                 .FILL x006D
(3048) 0062  0000000001100010 (  60)                 .FILL x0062
(3049) 0065  0000000001100101 (  60)                 .FILL x0065
(304A) 0072  0000000001110010 (  60)                 .FILL x0072
(304B) 003E  0000000000111110 (  60)                 .FILL x003E
(304C) 0020  0000000000100000 (  60)                 .FILL x0020
(304D) 0000  0000000000000000 (  60)                 .FILL x0000
(304E) 0054  0000000001010100 (  61) PRMPT2          .FILL x0054
(304F) 0068  0000000001101000 (  61)                 .FILL x0068
(3050) 0065  0000000001100101 (  61)                 .FILL x0065
(3051) 0020  0000000000100000 (  61)                 .FILL x0020
(3052) 0073  0000000001110011 (  61)                 .FILL x0073
(3053) 0075  0000000001110101 (  61)                 .FILL x0075
(3054) 006D  0000000001101101 (  61)                 .FILL x006D
(3055) 0020  0000000000100000 (  61)                 .FILL x0020
(3056) 006F  0000000001101111 (  61)                 .FILL x006F
(3057) 0066  0000000001100110 (  61)                 .FILL x0066
(3058) 0020  0000000000100000 (  61)                 .FILL x0020
(3059) 0074  0000000001110100 (  61)                 .FILL x0074
(305A) 0068  0000000001101000 (  61)                 .FILL x0068
(305B) 0065  0000000001100101 (  61)                 .FILL x0065
(305C) 0020  0000000000100000 (  61)                 .FILL x0020
(305D) 0064  0000000001100100 (  61)                 .FILL x0064
(305E) 0069  0000000001101001 (  61)                 .FILL x0069
(305F) 0067  0000000001100111 (  61)                 .FILL x0067
(3060) 0069  0000000001101001 (  61)                 .FILL x0069
(3061) 0074  0000000001110100 (  61)                 .FILL x0074
(3062) 0073  0000000001110011 (  61)                 .FILL x0073
(3063) 0020  0000000000100000 (  61)                 .FILL x0020
(3064) 003D  0000000000111101 (  61)                 .FILL x003D
(3065) 0020  0000000000100000 (  61)                 .FILL x0020
(3066) 0000  0000000000000000 (  61)                 .FILL x0000
(3067) 0000  0000000000000000 (  63) CHAR            .FILL x0000
(3068) 0000  0000000000000000 (  64) CHAR1           .FILL x0000
(3069) FFD0  1111111111010000 (  64) NEG48           .FILL xFFD0
(306A) FFF6  1111111111110110 (  65) NEG10           .FILL xFFF6
(306B) 000A  0000000000001010 (  66) CLRF            .FILL x000A
