(0000) 3000  0011000000000000 (  11)                 .ORIG x3000
(3000) E01A  1110000000011010 (  14)                 LEA   R0 PRMPT1
(3001) F022  1111000000100010 (  15)                 TRAP  x22
(3002) E45A  1110010001011010 (  17)                 LEA   R2 NUM
(3003) 5260  0101001001100000 (  19)                 AND   R1 R1 #0
(3004) 5020  0101000000100000 (  20)                 AND   R0 R0 #0
(3005) 225A  0010001001011010 (  21)                 LD    R1 REPS
(3006) F020  1111000000100000 (  23) AGAIN           TRAP  x20
(3007) F021  1111000000100001 (  24)                 TRAP  x21
(3008) 3058  0011000001011000 (  25)                 ST    R0 CHAR
(3009) 7080  0111000010000000 (  26)                 STR   R0 R2 #0
(300A) 14A1  0001010010100001 (  27)                 ADD   R2 R2 #1
(300B) 2055  0010000001010101 (  28)                 LD    R0 CHAR
(300C) 1035  0001000000110101 (  29)                 ADD   R0 R0 #-11
(300D) 0802  0000100000000010 (  30)                 BRN   CHECK
(300E) 127F  0001001001111111 (  31)                 ADD   R1 R1 #-1
(300F) 03F6  0000001111110110 (  32)                 BRP   AGAIN
(3010) 204B  0010000001001011 (  35) CHECK           LD    R0 CLRF
(3011) F022  1111000000100010 (  36)                 TRAP  x22
(3012) 204A  0010000001001010 (  37)                 LD    R0 NUM
(3013) 484E  0100100001001110 (  38)                 JSR   STRLAR
(3014) 3046  0011000001000110 (  39)                 ST    R0 LRG
(3015) E02D  1110000000101101 (  41)                 LEA   R0 PRMPT2
(3016) F022  1111000000100010 (  42)                 TRAP  x22
(3017) 2043  0010000001000011 (  44)                 LD    R0 LRG
(3018) F021  1111000000100001 (  45)                 TRAP  x21
(3019) F021  1111000000100001 (  49)                 TRAP  x21
(301A) F025  1111000000100101 (  51)                 TRAP  x25
(301B) 0050  0000000001010000 (  54) PRMPT1          .FILL x0050
(301C) 006C  0000000001101100 (  54)                 .FILL x006C
(301D) 0065  0000000001100101 (  54)                 .FILL x0065
(301E) 0061  0000000001100001 (  54)                 .FILL x0061
(301F) 0073  0000000001110011 (  54)                 .FILL x0073
(3020) 0065  0000000001100101 (  54)                 .FILL x0065
(3021) 0020  0000000000100000 (  54)                 .FILL x0020
(3022) 0065  0000000001100101 (  54)                 .FILL x0065
(3023) 006E  0000000001101110 (  54)                 .FILL x006E
(3024) 0074  0000000001110100 (  54)                 .FILL x0074
(3025) 0065  0000000001100101 (  54)                 .FILL x0065
(3026) 0072  0000000001110010 (  54)                 .FILL x0072
(3027) 0020  0000000000100000 (  54)                 .FILL x0020
(3028) 0074  0000000001110100 (  54)                 .FILL x0074
(3029) 0077  0000000001110111 (  54)                 .FILL x0077
(302A) 006F  0000000001101111 (  54)                 .FILL x006F
(302B) 0020  0000000000100000 (  54)                 .FILL x0020
(302C) 0073  0000000001110011 (  54)                 .FILL x0073
(302D) 0069  0000000001101001 (  54)                 .FILL x0069
(302E) 006E  0000000001101110 (  54)                 .FILL x006E
(302F) 0067  0000000001100111 (  54)                 .FILL x0067
(3030) 006C  0000000001101100 (  54)                 .FILL x006C
(3031) 0065  0000000001100101 (  54)                 .FILL x0065
(3032) 0020  0000000000100000 (  54)                 .FILL x0020
(3033) 0064  0000000001100100 (  54)                 .FILL x0064
(3034) 0069  0000000001101001 (  54)                 .FILL x0069
(3035) 0067  0000000001100111 (  54)                 .FILL x0067
(3036) 0069  0000000001101001 (  54)                 .FILL x0069
(3037) 0074  0000000001110100 (  54)                 .FILL x0074
(3038) 0020  0000000000100000 (  54)                 .FILL x0020
(3039) 006E  0000000001101110 (  54)                 .FILL x006E
(303A) 0075  0000000001110101 (  54)                 .FILL x0075
(303B) 006D  0000000001101101 (  54)                 .FILL x006D
(303C) 0062  0000000001100010 (  54)                 .FILL x0062
(303D) 0065  0000000001100101 (  54)                 .FILL x0065
(303E) 0072  0000000001110010 (  54)                 .FILL x0072
(303F) 0073  0000000001110011 (  54)                 .FILL x0073
(3040) 003E  0000000000111110 (  54)                 .FILL x003E
(3041) 0020  0000000000100000 (  54)                 .FILL x0020
(3042) 0000  0000000000000000 (  54)                 .FILL x0000
(3043) 0054  0000000001010100 (  55) PRMPT2          .FILL x0054
(3044) 0068  0000000001101000 (  55)                 .FILL x0068
(3045) 0065  0000000001100101 (  55)                 .FILL x0065
(3046) 0020  0000000000100000 (  55)                 .FILL x0020
(3047) 006C  0000000001101100 (  55)                 .FILL x006C
(3048) 0061  0000000001100001 (  55)                 .FILL x0061
(3049) 0072  0000000001110010 (  55)                 .FILL x0072
(304A) 0067  0000000001100111 (  55)                 .FILL x0067
(304B) 0065  0000000001100101 (  55)                 .FILL x0065
(304C) 0073  0000000001110011 (  55)                 .FILL x0073
(304D) 0074  0000000001110100 (  55)                 .FILL x0074
(304E) 0020  0000000000100000 (  55)                 .FILL x0020
(304F) 006E  0000000001101110 (  55)                 .FILL x006E
(3050) 0075  0000000001110101 (  55)                 .FILL x0075
(3051) 006D  0000000001101101 (  55)                 .FILL x006D
(3052) 0062  0000000001100010 (  55)                 .FILL x0062
(3053) 0065  0000000001100101 (  55)                 .FILL x0065
(3054) 0072  0000000001110010 (  55)                 .FILL x0072
(3055) 0020  0000000000100000 (  55)                 .FILL x0020
(3056) 0069  0000000001101001 (  55)                 .FILL x0069
(3057) 0073  0000000001110011 (  55)                 .FILL x0073
(3058) 003E  0000000000111110 (  55)                 .FILL x003E
(3059) 0020  0000000000100000 (  55)                 .FILL x0020
(305A) 0000  0000000000000000 (  55)                 .FILL x0000
(305B) 0000  0000000000000000 (  57) LRG             .FILL x0000
(305C) 000A  0000000000001010 (  57) CLRF            .FILL x000A
(305D) 0000  0000000000000000 (  59) NUM             .FILL x0000
(305E) 0000  0000000000000000 (  59)                 .FILL x0000
(305F) 0000  0000000000000000 (  59)                 .FILL x0000
(3060) 0003  0000000000000011 (  59) REPS            .FILL x0003
(3061) 0000  0000000000000000 (  70) CHAR            .FILL x0000
(3062) 2417  0010010000010111 (  70) STRLAR          LD    R2 SaveR2
(3063) 2215  0010001000010101 (  71)                 LD    R1 SaveR1
(3064) 23F8  0010001111111000 (  72)                 LD    R1 NUM
(3065) F020  1111000000100000 (  73)                 TRAP  x20
(3066) 3215  0011001000010101 (  74)                 ST    R1 NUMB1
(3067) F020  1111000000100000 (  75)                 TRAP  x20
(3068) 3414  0011010000010100 (  76)                 ST    R2 NUMB2
(3069) 5020  0101000000100000 (  78)                 AND   R0 R0 #0
(306A) 56E0  0101011011100000 (  79)                 AND   R3 R3 #0
(306B) 927F  1001001001111111 (  80)                 NOT   R1 R1
(306C) 96FF  1001011011111111 (  81)                 NOT   R3 R3
(306D) 16E1  0001011011100001 (  82)                 ADD   R3 R3 #1
(306E) 1CC5  0001110011000101 (  83)                 ADD   R6 R3 R5
(306F) 0801  0000100000000001 (  84)                 BRN   MAX
(3070) 0604  0000011000000100 (  85)                 BRZP  MIN
(3071) 220A  0010001000001010 (  87) MAX             LD    R1 NUMB1
(3072) 2407  0010010000000111 (  88)                 LD    R2 SaveR2
(3073) 2205  0010001000000101 (  89)                 LD    R1 SaveR1
(3074) C1C0  1100000111000000 (  90)                 RET   
(3075) 2407  0010010000000111 (  92) MIN             LD    R2 NUMB2
(3076) 2403  0010010000000011 (  93)                 LD    R2 SaveR2
(3077) 2201  0010001000000001 (  94)                 LD    R1 SaveR1
(3078) C1C0  1100000111000000 (  95)                 RET   
(3079) 0000  0000000000000000 ( 101) SaveR1          .FILL x0000
(307A) 0000  0000000000000000 ( 102) SaveR2          .FILL x0000
(307B) FFFF  1111111111111111 ( 102) COUNT           .FILL xFFFF
(307C) 0000  0000000000000000 ( 104) NUMB1           .FILL x0000
(307D) 0000  0000000000000000 ( 107) NUMB2           .FILL x0000
