(0000) 3000  0011000000000000 (   7)                 .ORIG x3000
(3000) E013  1110000000010011 (   9)                 LEA   R0 PRMPT
(3001) F022  1111000000100010 (  10)                 TRAP  x22
(3002) E43A  1110010000111010 (  12)                 LEA   R2 INPUT
(3003) 5260  0101001001100000 (  13)                 AND   R1 R1 #0
(3004) 2236  0010001000110110 (  14)                 LD    R1 REPS
(3005) F020  1111000000100000 (  16) AGAIN           TRAP  x20
(3006) F021  1111000000100001 (  17)                 TRAP  x21
(3007) 3034  0011000000110100 (  18)                 ST    R0 CHAR
(3008) 7080  0111000010000000 (  19)                 STR   R0 R2 #0
(3009) 14A1  0001010010100001 (  20)                 ADD   R2 R2 #1
(300A) 2031  0010000000110001 (  21)                 LD    R0 CHAR
(300B) 1035  0001000000110101 (  22)                 ADD   R0 R0 #-11
(300C) 0802  0000100000000010 (  23)                 BRN   CHECK
(300D) 127F  0001001001111111 (  24)                 ADD   R1 R1 #-1
(300E) 03F6  0000001111110110 (  25)                 BRP   AGAIN
(300F) E01D  1110000000011101 (  27) CHECK           LEA   R0 PRMPT1
(3010) F022  1111000000100010 (  28)                 TRAP  x22
(3011) E02B  1110000000101011 (  30)                 LEA   R0 INPUT
(3012) F022  1111000000100010 (  31)                 TRAP  x22
(3013) F025  1111000000100101 (  33)                 TRAP  x25
(3014) 0050  0000000001010000 (  36) PRMPT           .FILL x0050
(3015) 006C  0000000001101100 (  36)                 .FILL x006C
(3016) 0065  0000000001100101 (  36)                 .FILL x0065
(3017) 0061  0000000001100001 (  36)                 .FILL x0061
(3018) 0073  0000000001110011 (  36)                 .FILL x0073
(3019) 0065  0000000001100101 (  36)                 .FILL x0065
(301A) 0020  0000000000100000 (  36)                 .FILL x0020
(301B) 0065  0000000001100101 (  36)                 .FILL x0065
(301C) 006E  0000000001101110 (  36)                 .FILL x006E
(301D) 0074  0000000001110100 (  36)                 .FILL x0074
(301E) 0065  0000000001100101 (  36)                 .FILL x0065
(301F) 0072  0000000001110010 (  36)                 .FILL x0072
(3020) 0020  0000000000100000 (  36)                 .FILL x0020
(3021) 0079  0000000001111001 (  36)                 .FILL x0079
(3022) 006F  0000000001101111 (  36)                 .FILL x006F
(3023) 0075  0000000001110101 (  36)                 .FILL x0075
(3024) 0072  0000000001110010 (  36)                 .FILL x0072
(3025) 0020  0000000000100000 (  36)                 .FILL x0020
(3026) 006E  0000000001101110 (  36)                 .FILL x006E
(3027) 0061  0000000001100001 (  36)                 .FILL x0061
(3028) 006D  0000000001101101 (  36)                 .FILL x006D
(3029) 0065  0000000001100101 (  36)                 .FILL x0065
(302A) 003A  0000000000111010 (  36)                 .FILL x003A
(302B) 0020  0000000000100000 (  36)                 .FILL x0020
(302C) 0000  0000000000000000 (  36)                 .FILL x0000
(302D) 0059  0000000001011001 (  37) PRMPT1          .FILL x0059
(302E) 006F  0000000001101111 (  37)                 .FILL x006F
(302F) 0075  0000000001110101 (  37)                 .FILL x0075
(3030) 0020  0000000000100000 (  37)                 .FILL x0020
(3031) 0065  0000000001100101 (  37)                 .FILL x0065
(3032) 006E  0000000001101110 (  37)                 .FILL x006E
(3033) 0074  0000000001110100 (  37)                 .FILL x0074
(3034) 0065  0000000001100101 (  37)                 .FILL x0065
(3035) 0072  0000000001110010 (  37)                 .FILL x0072
(3036) 0065  0000000001100101 (  37)                 .FILL x0065
(3037) 0064  0000000001100100 (  37)                 .FILL x0064
(3038) 003A  0000000000111010 (  37)                 .FILL x003A
(3039) 0020  0000000000100000 (  37)                 .FILL x0020
(303A) 0000  0000000000000000 (  37)                 .FILL x0000
(303B) 0015  0000000000010101 (  38) REPS            .FILL x0015
(303C) 0000  0000000000000000 (  40) CHAR            .FILL x0000
(303D) 0000  0000000000000000 (  41) INPUT           .FILL x0000
(303E) 0000  0000000000000000 (  41)                 .FILL x0000
(303F) 0000  0000000000000000 (  41)                 .FILL x0000
(3040) 0000  0000000000000000 (  41)                 .FILL x0000
(3041) 0000  0000000000000000 (  41)                 .FILL x0000
(3042) 0000  0000000000000000 (  41)                 .FILL x0000
(3043) 0000  0000000000000000 (  41)                 .FILL x0000
(3044) 0000  0000000000000000 (  41)                 .FILL x0000
(3045) 0000  0000000000000000 (  41)                 .FILL x0000
(3046) 0000  0000000000000000 (  41)                 .FILL x0000
(3047) 0000  0000000000000000 (  41)                 .FILL x0000
(3048) 0000  0000000000000000 (  41)                 .FILL x0000
(3049) 0000  0000000000000000 (  41)                 .FILL x0000
(304A) 0000  0000000000000000 (  41)                 .FILL x0000
(304B) 0000  0000000000000000 (  41)                 .FILL x0000
(304C) 0000  0000000000000000 (  41)                 .FILL x0000
(304D) 0000  0000000000000000 (  41)                 .FILL x0000
(304E) 0000  0000000000000000 (  41)                 .FILL x0000
(304F) 0000  0000000000000000 (  41)                 .FILL x0000
(3050) 0000  0000000000000000 (  41)                 .FILL x0000
(3051) 0000  0000000000000000 (  41)                 .FILL x0000
(3052) 0000  0000000000000000 (  41)                 .FILL x0000
(3053) 0000  0000000000000000 (  41)                 .FILL x0000
(3054) 0000  0000000000000000 (  41)                 .FILL x0000
(3055) 0000  0000000000000000 (  41)                 .FILL x0000
(3056) 000A  0000000000001010 (  41) CLRF            .FILL x000A
